<?xml version="1.0" encoding="UTF-8"?>
<testsuites name="Momo_UI_Function" time="79" tests="2" failures="0" errors="0">
   <testsuite name="Momo_UI_Function" tests="2" failures="0" errors="0" time="79" timestamp="2019-07-19 15:35:24" hostname="Emerio - Emerio-Sendrayanto" id="Test Suites/Momo_UI_Function">
      <properties>
         <property name="deviceName" value=""/>
         <property name="devicePlatform" value=""/>
         <property name="logFolder" value="C:\\Users\\Emerio\\Katalon Studio\\Andaz\\Reports\\Momo_UI_Function\\20190719_153522"/>
         <property name="logFiles" value="C:\\Users\\Emerio\\Katalon Studio\\Andaz\\Reports\\Momo_UI_Function\\20190719_153522\\execution0.log"/>
         <property name="attachments" value="D:\\Vouch\\UI\\1_chat_widget.png, D:\\Vouch\\UI\\2_closed_widget.png, D:\\Vouch\\UI\\3_opened_widget.png, D:\\Vouch\\Function\\1_chat_widget.png, D:\\Vouch\\Function\\2_click_start.png, D:\\Vouch\\Function\\3_start.png, D:\\Vouch\\Function\\4_set_text_amenities.png, D:\\Vouch\\Function\\5_result_amenities.png, D:\\Vouch\\Function\\6_click_info_gym.png, D:\\Vouch\\Function\\7_info_gym.png, D:\\Vouch\\Function\\8_click_btn_back.png, D:\\Vouch\\Function\\9_click_info_pool.png, D:\\Vouch\\Function\\10_info_pool.png, D:\\Vouch\\Function\\11_click_pool_attire.png, D:\\Vouch\\Function\\12_pool_attire.png, D:\\Vouch\\Function\\13_click_back.png, D:\\Vouch\\Function\\14_menu_amenities.png"/>
         <property name="hostName" value="Emerio - Emerio-Sendrayanto"/>
         <property name="os" value="Windows 10 64bit"/>
         <property name="katalonVersion" value="6.1.1.1"/>
         <property name="browser" value="Firefox 68.0"/>
         <property name="hostAddress" value="192.168.43.28"/>
         <property name="sessionId" value="0a0af5da-931a-4ae0-bd75-c6a4992fb158"/>
         <property name="seleniumVersion" value="3.7.1"/>
         <property name="proxyInformation" value="ProxyInformation{proxyOption=NO_PROXY, proxyServerType=HTTP, password=, proxyServerAddress=, proxyServerPort=0}"/>
         <property name="platform" value="Windows 10"/>
      </properties>
      <testcase name="Test Cases/Chat Widget UI" classname="Test Cases/Chat Widget UI" status="PASSED">
         <system-out><![CDATA[2019-07-19 15:35:24 - [TEST_CASE][PASSED] - Test Cases/Chat Widget UI: Test Cases/Chat Widget UI

2019-07-19 15:35:24 - [TEST_STEP][PASSED] - openBrowser("https://staging.vouch.sg/api/v1/merchants/bot/5c0899a0f82bb561b4eff079"): Browser is opened with url: 'https://staging.vouch.sg/api/v1/merchants/bot/5c0899a0f82bb561b4eff079'

2019-07-19 15:35:25 - [MESSAGE][INFO] - Starting 'Firefox' driver

2019-07-19 15:35:25 - [MESSAGE][INFO] - Action delay is set to 0 seconds

2019-07-19 15:35:35 - [MESSAGE][PASSED] - Browser is opened with url: 'https://staging.vouch.sg/api/v1/merchants/bot/5c0899a0f82bb561b4eff079'

2019-07-19 15:35:35 - [TEST_STEP][PASSED] - waitForPageLoad(5): Wait for page load successfully

2019-07-19 15:35:35 - [MESSAGE][PASSED] - Wait for page load successfully

2019-07-19 15:35:35 - [TEST_STEP][PASSED] - waitForElementVisible(findTestObject("Momo_UI/Chat Widget Visibility"), 5, STOP_ON_FAILURE): Object 'Object Repository/Momo_UI/Chat Widget Visibility' is visible

2019-07-19 15:35:41 - [MESSAGE][PASSED] - Object 'Object Repository/Momo_UI/Chat Widget Visibility' is visible

2019-07-19 15:35:41 - [TEST_STEP][PASSED] - delay(3): Delayed 3 second(s)

2019-07-19 15:35:44 - [MESSAGE][PASSED] - Delayed 3 second(s)

2019-07-19 15:35:44 - [TEST_STEP][PASSED] - takeScreenshot("D:\Vouch\UI\1_chat_widget.png"): Taking screenshot successfully

2019-07-19 15:35:45 - [MESSAGE][PASSED] - Taking screenshot successfully
[[ATTACHMENT|D:\\Vouch\\UI\\1_chat_widget.png]]

2019-07-19 15:35:45 - [TEST_STEP][PASSED] - waitForElementVisible(findTestObject("Momo_UI/Close Button"), 0, STOP_ON_FAILURE): Object 'Object Repository/Momo_UI/Close Button' is visible

2019-07-19 15:35:45 - [MESSAGE][WARNING] - Timeout '0' is invalid. Using default page load timeout: '30'

2019-07-19 15:35:45 - [MESSAGE][PASSED] - Object 'Object Repository/Momo_UI/Close Button' is visible

2019-07-19 15:35:45 - [TEST_STEP][PASSED] - click(findTestObject("Momo_UI/Close Button")): Object: 'Object Repository/Momo_UI/Close Button' is clicked on

2019-07-19 15:35:45 - [MESSAGE][PASSED] - Object: 'Object Repository/Momo_UI/Close Button' is clicked on

2019-07-19 15:35:45 - [TEST_STEP][PASSED] - waitForElementNotVisible(findTestObject("Momo_UI/Chat Widget Visibility"), 0): Object 'Object Repository/Momo_UI/Chat Widget Visibility' is NOT visible

2019-07-19 15:35:45 - [MESSAGE][WARNING] - Timeout '0' is invalid. Using default page load timeout: '30'

2019-07-19 15:35:46 - [MESSAGE][PASSED] - Object 'Object Repository/Momo_UI/Chat Widget Visibility' is NOT visible

2019-07-19 15:35:46 - [TEST_STEP][PASSED] - verifyElementNotVisibleInViewport(findTestObject("Momo_UI/Chat Widget Visibility"), 2): Object 'Object Repository/Momo_UI/Chat Widget Visibility' is present and NOT visible in viewport

2019-07-19 15:35:46 - [MESSAGE][PASSED] - Object 'Object Repository/Momo_UI/Chat Widget Visibility' is present and NOT visible in viewport

2019-07-19 15:35:46 - [TEST_STEP][PASSED] - delay(2): Delayed 2 second(s)

2019-07-19 15:35:48 - [MESSAGE][PASSED] - Delayed 2 second(s)

2019-07-19 15:35:48 - [TEST_STEP][PASSED] - takeScreenshot("D:\Vouch\UI\2_closed_widget.png"): Taking screenshot successfully

2019-07-19 15:35:48 - [MESSAGE][PASSED] - Taking screenshot successfully
[[ATTACHMENT|D:\\Vouch\\UI\\2_closed_widget.png]]

2019-07-19 15:35:48 - [TEST_STEP][PASSED] - click(findTestObject("Momo_UI/Momo_Open")): Object: 'Object Repository/Momo_UI/Momo_Open' is clicked on

2019-07-19 15:35:48 - [MESSAGE][PASSED] - Object: 'Object Repository/Momo_UI/Momo_Open' is clicked on

2019-07-19 15:35:48 - [TEST_STEP][PASSED] - delay(1): Delayed 1 second(s)

2019-07-19 15:35:49 - [MESSAGE][PASSED] - Delayed 1 second(s)

2019-07-19 15:35:49 - [TEST_STEP][PASSED] - takeScreenshot("D:\Vouch\UI\3_opened_widget.png"): Taking screenshot successfully

2019-07-19 15:35:49 - [MESSAGE][PASSED] - Taking screenshot successfully
[[ATTACHMENT|D:\\Vouch\\UI\\3_opened_widget.png]]

2019-07-19 15:35:49 - [TEST_STEP][PASSED] - closeBrowser(): Browser is closed

2019-07-19 15:35:53 - [MESSAGE][PASSED] - Browser is closed]]></system-out>
         <system-err><![CDATA[]]></system-err>
      </testcase>
      <testcase name="Test Cases/Chat Widget Fucntion" classname="Test Cases/Chat Widget Fucntion" status="PASSED">
         <system-out><![CDATA[2019-07-19 15:35:53 - [TEST_CASE][PASSED] - Test Cases/Chat Widget Fucntion: Test Cases/Chat Widget Fucntion

2019-07-19 15:35:53 - [TEST_STEP][PASSED] - openBrowser(""): Browser is opened with url: ''

2019-07-19 15:35:53 - [MESSAGE][INFO] - Starting 'Firefox' driver

2019-07-19 15:35:58 - [MESSAGE][PASSED] - Browser is opened with url: ''

2019-07-19 15:35:58 - [TEST_STEP][PASSED] - navigateToUrl("https://staging.vouch.sg/api/v1/merchants/bot/5c0899a0f82bb561b4eff079"): Navigate to 'https://staging.vouch.sg/api/v1/merchants/bot/5c0899a0f82bb561b4eff079' successfully

2019-07-19 15:36:02 - [MESSAGE][PASSED] - Navigate to 'https://staging.vouch.sg/api/v1/merchants/bot/5c0899a0f82bb561b4eff079' successfully

2019-07-19 15:36:02 - [TEST_STEP][PASSED] - waitForElementClickable(findTestObject("Momo_Function/btn_started"), 5): Object 'Object Repository/Momo_Function/btn_started' is clickable

2019-07-19 15:36:03 - [MESSAGE][PASSED] - Object 'Object Repository/Momo_Function/btn_started' is clickable

2019-07-19 15:36:03 - [TEST_STEP][PASSED] - waitForElementVisible(findTestObject("Momo_UI/Chat Widget Visibility"), 5): Object 'Object Repository/Momo_UI/Chat Widget Visibility' is not visible after 5 second(s)

2019-07-19 15:36:08 - [MESSAGE][WARNING] - Object 'Object Repository/Momo_UI/Chat Widget Visibility' is not visible after 5 second(s)

2019-07-19 15:36:08 - [TEST_STEP][PASSED] - delay(5): Delayed 5 second(s)

2019-07-19 15:36:13 - [MESSAGE][PASSED] - Delayed 5 second(s)

2019-07-19 15:36:13 - [TEST_STEP][PASSED] - takeScreenshot("D:\Vouch\Function\1_chat_widget.png"): Taking screenshot successfully

2019-07-19 15:36:13 - [MESSAGE][PASSED] - Taking screenshot successfully
[[ATTACHMENT|D:\\Vouch\\Function\\1_chat_widget.png]]

2019-07-19 15:36:13 - [TEST_STEP][PASSED] - click(findTestObject("Momo_Function/btn_started")): Object: 'Object Repository/Momo_Function/btn_started' is clicked on

2019-07-19 15:36:13 - [MESSAGE][PASSED] - Object: 'Object Repository/Momo_Function/btn_started' is clicked on

2019-07-19 15:36:13 - [TEST_STEP][PASSED] - takeScreenshot("D:\Vouch\Function\2_click_start.png"): Taking screenshot successfully

2019-07-19 15:36:13 - [MESSAGE][PASSED] - Taking screenshot successfully
[[ATTACHMENT|D:\\Vouch\\Function\\2_click_start.png]]

2019-07-19 15:36:13 - [TEST_STEP][PASSED] - delay(5): Delayed 5 second(s)

2019-07-19 15:36:18 - [MESSAGE][PASSED] - Delayed 5 second(s)

2019-07-19 15:36:18 - [TEST_STEP][PASSED] - takeScreenshot("D:\Vouch\Function\3_start.png"): Taking screenshot successfully

2019-07-19 15:36:19 - [MESSAGE][PASSED] - Taking screenshot successfully
[[ATTACHMENT|D:\\Vouch\\Function\\3_start.png]]

2019-07-19 15:36:19 - [TEST_STEP][PASSED] - setText(findTestObject("Momo_Function/input_chat"), "Amenities"): Text 'Amenities' is set on object 'Object Repository/Momo_Function/input_chat'

2019-07-19 15:36:19 - [MESSAGE][PASSED] - Text 'Amenities' is set on object 'Object Repository/Momo_Function/input_chat'

2019-07-19 15:36:19 - [TEST_STEP][PASSED] - takeScreenshot("D:\Vouch\Function\4_set_text_amenities.png"): Taking screenshot successfully

2019-07-19 15:36:19 - [MESSAGE][PASSED] - Taking screenshot successfully
[[ATTACHMENT|D:\\Vouch\\Function\\4_set_text_amenities.png]]

2019-07-19 15:36:19 - [TEST_STEP][PASSED] - click(findTestObject("Momo_Function/btn_enter_inside"), STOP_ON_FAILURE): Object: 'Object Repository/Momo_Function/btn_enter_inside' is clicked on

2019-07-19 15:36:19 - [MESSAGE][PASSED] - Object: 'Object Repository/Momo_Function/btn_enter_inside' is clicked on

2019-07-19 15:36:19 - [TEST_STEP][PASSED] - delay(4): Delayed 4 second(s)

2019-07-19 15:36:23 - [MESSAGE][PASSED] - Delayed 4 second(s)

2019-07-19 15:36:23 - [TEST_STEP][PASSED] - takeScreenshot("D:\Vouch\Function\5_result_amenities.png"): Taking screenshot successfully

2019-07-19 15:36:23 - [MESSAGE][PASSED] - Taking screenshot successfully
[[ATTACHMENT|D:\\Vouch\\Function\\5_result_amenities.png]]

2019-07-19 15:36:23 - [TEST_STEP][PASSED] - click(findTestObject("Momo_Function/more_info_gym")): Object: 'Object Repository/Momo_Function/more_info_gym' is clicked on

2019-07-19 15:36:24 - [MESSAGE][PASSED] - Object: 'Object Repository/Momo_Function/more_info_gym' is clicked on

2019-07-19 15:36:24 - [TEST_STEP][PASSED] - takeScreenshot("D:\Vouch\Function\6_click_info_gym.png"): Taking screenshot successfully

2019-07-19 15:36:24 - [MESSAGE][PASSED] - Taking screenshot successfully
[[ATTACHMENT|D:\\Vouch\\Function\\6_click_info_gym.png]]

2019-07-19 15:36:24 - [TEST_STEP][PASSED] - delay(2): Delayed 2 second(s)

2019-07-19 15:36:26 - [MESSAGE][PASSED] - Delayed 2 second(s)

2019-07-19 15:36:26 - [TEST_STEP][PASSED] - takeScreenshot("D:\Vouch\Function\7_info_gym.png"): Taking screenshot successfully

2019-07-19 15:36:26 - [MESSAGE][PASSED] - Taking screenshot successfully
[[ATTACHMENT|D:\\Vouch\\Function\\7_info_gym.png]]

2019-07-19 15:36:26 - [TEST_STEP][PASSED] - click(findTestObject("Momo_Function/btn_back_menu")): Object: 'Object Repository/Momo_Function/btn_back_menu' is clicked on

2019-07-19 15:36:26 - [MESSAGE][PASSED] - Object: 'Object Repository/Momo_Function/btn_back_menu' is clicked on

2019-07-19 15:36:26 - [TEST_STEP][PASSED] - takeScreenshot("D:\Vouch\Function\8_click_btn_back.png"): Taking screenshot successfully

2019-07-19 15:36:27 - [MESSAGE][PASSED] - Taking screenshot successfully
[[ATTACHMENT|D:\\Vouch\\Function\\8_click_btn_back.png]]

2019-07-19 15:36:27 - [TEST_STEP][PASSED] - delay(3): Delayed 3 second(s)

2019-07-19 15:36:30 - [MESSAGE][PASSED] - Delayed 3 second(s)

2019-07-19 15:36:30 - [TEST_STEP][PASSED] - click(findTestObject("Momo_Function/more_info_pool")): Object: 'Object Repository/Momo_Function/more_info_pool' is clicked on

2019-07-19 15:36:30 - [MESSAGE][PASSED] - Object: 'Object Repository/Momo_Function/more_info_pool' is clicked on

2019-07-19 15:36:30 - [TEST_STEP][PASSED] - takeScreenshot("D:\Vouch\Function\9_click_info_pool.png"): Taking screenshot successfully

2019-07-19 15:36:30 - [MESSAGE][PASSED] - Taking screenshot successfully
[[ATTACHMENT|D:\\Vouch\\Function\\9_click_info_pool.png]]

2019-07-19 15:36:30 - [TEST_STEP][PASSED] - delay(3): Delayed 3 second(s)

2019-07-19 15:36:33 - [MESSAGE][PASSED] - Delayed 3 second(s)

2019-07-19 15:36:33 - [TEST_STEP][PASSED] - takeScreenshot("D:\Vouch\Function\10_info_pool.png"): Taking screenshot successfully

2019-07-19 15:36:33 - [MESSAGE][PASSED] - Taking screenshot successfully
[[ATTACHMENT|D:\\Vouch\\Function\\10_info_pool.png]]

2019-07-19 15:36:33 - [TEST_STEP][PASSED] - click(findTestObject("Momo_Function/btn_Pool_Attire")): Object: 'Object Repository/Momo_Function/btn_Pool_Attire' is clicked on

2019-07-19 15:36:34 - [MESSAGE][PASSED] - Object: 'Object Repository/Momo_Function/btn_Pool_Attire' is clicked on

2019-07-19 15:36:34 - [TEST_STEP][PASSED] - takeScreenshot("D:\Vouch\Function\11_click_pool_attire.png"): Taking screenshot successfully

2019-07-19 15:36:34 - [MESSAGE][PASSED] - Taking screenshot successfully
[[ATTACHMENT|D:\\Vouch\\Function\\11_click_pool_attire.png]]

2019-07-19 15:36:34 - [TEST_STEP][PASSED] - delay(2): Delayed 2 second(s)

2019-07-19 15:36:36 - [MESSAGE][PASSED] - Delayed 2 second(s)

2019-07-19 15:36:36 - [TEST_STEP][PASSED] - takeScreenshot("D:\Vouch\Function\12_pool_attire.png"): Taking screenshot successfully

2019-07-19 15:36:36 - [MESSAGE][PASSED] - Taking screenshot successfully
[[ATTACHMENT|D:\\Vouch\\Function\\12_pool_attire.png]]

2019-07-19 15:36:36 - [TEST_STEP][PASSED] - click(findTestObject("Momo_Function/btn_back_menu")): Object: 'Object Repository/Momo_Function/btn_back_menu' is clicked on

2019-07-19 15:36:36 - [MESSAGE][PASSED] - Object: 'Object Repository/Momo_Function/btn_back_menu' is clicked on

2019-07-19 15:36:36 - [TEST_STEP][PASSED] - takeScreenshot("D:\Vouch\Function\13_click_back.png"): Taking screenshot successfully

2019-07-19 15:36:36 - [MESSAGE][PASSED] - Taking screenshot successfully
[[ATTACHMENT|D:\\Vouch\\Function\\13_click_back.png]]

2019-07-19 15:36:36 - [TEST_STEP][PASSED] - delay(3): Delayed 3 second(s)

2019-07-19 15:36:39 - [MESSAGE][PASSED] - Delayed 3 second(s)

2019-07-19 15:36:39 - [TEST_STEP][PASSED] - takeScreenshot("D:\Vouch\Function\14_menu_amenities.png"): Taking screenshot successfully

2019-07-19 15:36:40 - [MESSAGE][PASSED] - Taking screenshot successfully
[[ATTACHMENT|D:\\Vouch\\Function\\14_menu_amenities.png]]

2019-07-19 15:36:40 - [TEST_STEP][PASSED] - closeBrowser(): Browser is closed

2019-07-19 15:36:44 - [MESSAGE][PASSED] - Browser is closed]]></system-out>
         <system-err><![CDATA[]]></system-err>
      </testcase>
      <system-out><![CDATA[2019-07-19 15:35:24 - [TEST_SUITE][PASSED] - Momo_UI_Function: Test Cases/Chat Widget Fucntion]]></system-out>
      <system-err><![CDATA[]]></system-err>
   </testsuite>
</testsuites>
